c:\ju\kpu\3-2\게임소프트웨어공학\simplegame\simplegame\x64\debug\vc141.pdb
c:\ju\kpu\3-2\게임소프트웨어공학\simplegame\simplegame\x64\debug\vc141.idb
c:\ju\kpu\3-2\게임소프트웨어공학\simplegame\simplegame\x64\debug\simplegame.obj
c:\ju\kpu\3-2\게임소프트웨어공학\simplegame\simplegame\x64\debug\renderer.obj
c:\ju\kpu\3-2\게임소프트웨어공학\simplegame\simplegame\x64\debug\simplegame.pch
c:\ju\kpu\3-2\게임소프트웨어공학\simplegame\simplegame\x64\debug\stdafx.obj
c:\ju\kpu\3-2\게임소프트웨어공학\simplegame\simplegame\x64\debug\object.obj
c:\ju\kpu\3-2\게임소프트웨어공학\simplegame\simplegame\x64\debug\scnmgr.obj
c:\ju\kpu\3-2\게임소프트웨어공학\simplegame\x64\debug\simplegame.exe
c:\ju\kpu\3-2\게임소프트웨어공학\simplegame\x64\debug\simplegame.ilk
c:\ju\kpu\3-2\게임소프트웨어공학\simplegame\x64\debug\simplegame.pdb
c:\ju\kpu\3-2\gamesoftengineering\simplegame\simplegame\x64\debug\object.obj
c:\ju\kpu\3-2\gamesoftengineering\simplegame\simplegame\x64\debug\renderer.obj
c:\ju\kpu\3-2\gamesoftengineering\simplegame\simplegame\x64\debug\scnmgr.obj
c:\ju\kpu\3-2\gamesoftengineering\simplegame\simplegame\x64\debug\simplegame.obj
c:\ju\kpu\3-2\gamesoftengineering\simplegame\simplegame\x64\debug\stdafx.obj
c:\ju\kpu\3-2\gamesoftengineering\simplegame\simplegame\x64\debug\simplegame.pch
c:\ju\kpu\3-2\gamesoftengineering\simplegame\simplegame\x64\debug\vc141.idb
c:\ju\kpu\3-2\gamesoftengineering\simplegame\simplegame\x64\debug\vc141.pdb
c:\ju\kpu\3-2\gamesoftengineering\simplegame\x64\debug\simplegame.pdb
c:\ju\kpu\3-2\gamesoftengineering\simplegame\x64\debug\simplegame.exe
c:\ju\kpu\3-2\gamesoftengineering\simplegame\x64\debug\simplegame.ilk
c:\ju\kpu\3-2\gamesoftengineering\simplegame\simplegame\x64\debug\simplegame.tlog\cl.command.1.tlog
c:\ju\kpu\3-2\gamesoftengineering\simplegame\simplegame\x64\debug\simplegame.tlog\cl.read.1.tlog
c:\ju\kpu\3-2\gamesoftengineering\simplegame\simplegame\x64\debug\simplegame.tlog\cl.write.1.tlog
c:\ju\kpu\3-2\gamesoftengineering\simplegame\simplegame\x64\debug\simplegame.tlog\link.command.1.tlog
c:\ju\kpu\3-2\gamesoftengineering\simplegame\simplegame\x64\debug\simplegame.tlog\link.read.1.tlog
c:\ju\kpu\3-2\gamesoftengineering\simplegame\simplegame\x64\debug\simplegame.tlog\link.write.1.tlog
